<?xml version="1.0" encoding="UTF-8"?>
<testsuite xmlns:xsi="http://www.w3.org/2001/XMLSchema-instance" xsi:noNamespaceSchemaLocation="https://maven.apache.org/surefire/maven-surefire-plugin/xsd/surefire-test-report-3.0.xsd" version="3.0" name="com.luv2code.springbootdemo.mycoolapp.MycoolappApplicationTests" time="2.37" tests="1" errors="0" skipped="0" failures="0">
  <properties>
    <property name="java.specification.version" value="17"/>
    <property name="sun.cpu.isalist" value="amd64"/>
    <property name="sun.jnu.encoding" value="Cp1252"/>
    <property name="java.class.path" value="C:\dev-spring\mycoolapp\target\test-classes;C:\dev-spring\mycoolapp\target\classes;C:\Users\PETES29\.m2\repository\org\springframework\boot\spring-boot-starter\3.1.6\spring-boot-starter-3.1.6.jar;C:\Users\PETES29\.m2\repository\org\springframework\boot\spring-boot\3.1.6\spring-boot-3.1.6.jar;C:\Users\PETES29\.m2\repository\org\springframework\spring-context\6.0.14\spring-context-6.0.14.jar;C:\Users\PETES29\.m2\repository\org\springframework\spring-aop\6.0.14\spring-aop-6.0.14.jar;C:\Users\PETES29\.m2\repository\org\springframework\spring-beans\6.0.14\spring-beans-6.0.14.jar;C:\Users\PETES29\.m2\repository\org\springframework\spring-expression\6.0.14\spring-expression-6.0.14.jar;C:\Users\PETES29\.m2\repository\org\springframework\boot\spring-boot-autoconfigure\3.1.6\spring-boot-autoconfigure-3.1.6.jar;C:\Users\PETES29\.m2\repository\org\springframework\boot\spring-boot-starter-logging\3.1.6\spring-boot-starter-logging-3.1.6.jar;C:\Users\PETES29\.m2\repository\ch\qos\logback\logback-classic\1.4.11\logback-classic-1.4.11.jar;C:\Users\PETES29\.m2\repository\ch\qos\logback\logback-core\1.4.11\logback-core-1.4.11.jar;C:\Users\PETES29\.m2\repository\org\apache\logging\log4j\log4j-to-slf4j\2.20.0\log4j-to-slf4j-2.20.0.jar;C:\Users\PETES29\.m2\repository\org\apache\logging\log4j\log4j-api\2.20.0\log4j-api-2.20.0.jar;C:\Users\PETES29\.m2\repository\org\slf4j\jul-to-slf4j\2.0.9\jul-to-slf4j-2.0.9.jar;C:\Users\PETES29\.m2\repository\jakarta\annotation\jakarta.annotation-api\2.1.1\jakarta.annotation-api-2.1.1.jar;C:\Users\PETES29\.m2\repository\org\springframework\spring-core\6.0.14\spring-core-6.0.14.jar;C:\Users\PETES29\.m2\repository\org\springframework\spring-jcl\6.0.14\spring-jcl-6.0.14.jar;C:\Users\PETES29\.m2\repository\org\yaml\snakeyaml\1.33\snakeyaml-1.33.jar;C:\Users\PETES29\.m2\repository\org\springframework\boot\spring-boot-starter-test\3.1.6\spring-boot-starter-test-3.1.6.jar;C:\Users\PETES29\.m2\repository\org\springframework\boot\spring-boot-test\3.1.6\spring-boot-test-3.1.6.jar;C:\Users\PETES29\.m2\repository\org\springframework\boot\spring-boot-test-autoconfigure\3.1.6\spring-boot-test-autoconfigure-3.1.6.jar;C:\Users\PETES29\.m2\repository\com\jayway\jsonpath\json-path\2.8.0\json-path-2.8.0.jar;C:\Users\PETES29\.m2\repository\org\slf4j\slf4j-api\2.0.9\slf4j-api-2.0.9.jar;C:\Users\PETES29\.m2\repository\jakarta\xml\bind\jakarta.xml.bind-api\4.0.1\jakarta.xml.bind-api-4.0.1.jar;C:\Users\PETES29\.m2\repository\jakarta\activation\jakarta.activation-api\2.1.2\jakarta.activation-api-2.1.2.jar;C:\Users\PETES29\.m2\repository\net\minidev\json-smart\2.4.11\json-smart-2.4.11.jar;C:\Users\PETES29\.m2\repository\net\minidev\accessors-smart\2.4.11\accessors-smart-2.4.11.jar;C:\Users\PETES29\.m2\repository\org\ow2\asm\asm\9.3\asm-9.3.jar;C:\Users\PETES29\.m2\repository\org\assertj\assertj-core\3.24.2\assertj-core-3.24.2.jar;C:\Users\PETES29\.m2\repository\net\bytebuddy\byte-buddy\1.14.10\byte-buddy-1.14.10.jar;C:\Users\PETES29\.m2\repository\org\hamcrest\hamcrest\2.2\hamcrest-2.2.jar;C:\Users\PETES29\.m2\repository\org\junit\jupiter\junit-jupiter\5.9.3\junit-jupiter-5.9.3.jar;C:\Users\PETES29\.m2\repository\org\junit\jupiter\junit-jupiter-api\5.9.3\junit-jupiter-api-5.9.3.jar;C:\Users\PETES29\.m2\repository\org\opentest4j\opentest4j\1.2.0\opentest4j-1.2.0.jar;C:\Users\PETES29\.m2\repository\org\junit\platform\junit-platform-commons\1.9.3\junit-platform-commons-1.9.3.jar;C:\Users\PETES29\.m2\repository\org\apiguardian\apiguardian-api\1.1.2\apiguardian-api-1.1.2.jar;C:\Users\PETES29\.m2\repository\org\junit\jupiter\junit-jupiter-params\5.9.3\junit-jupiter-params-5.9.3.jar;C:\Users\PETES29\.m2\repository\org\junit\jupiter\junit-jupiter-engine\5.9.3\junit-jupiter-engine-5.9.3.jar;C:\Users\PETES29\.m2\repository\org\junit\platform\junit-platform-engine\1.9.3\junit-platform-engine-1.9.3.jar;C:\Users\PETES29\.m2\repository\org\mockito\mockito-core\5.3.1\mockito-core-5.3.1.jar;C:\Users\PETES29\.m2\repository\net\bytebuddy\byte-buddy-agent\1.14.10\byte-buddy-agent-1.14.10.jar;C:\Users\PETES29\.m2\repository\org\objenesis\objenesis\3.3\objenesis-3.3.jar;C:\Users\PETES29\.m2\repository\org\mockito\mockito-junit-jupiter\5.3.1\mockito-junit-jupiter-5.3.1.jar;C:\Users\PETES29\.m2\repository\org\skyscreamer\jsonassert\1.5.1\jsonassert-1.5.1.jar;C:\Users\PETES29\.m2\repository\com\vaadin\external\google\android-json\0.0.20131108.vaadin1\android-json-0.0.20131108.vaadin1.jar;C:\Users\PETES29\.m2\repository\org\springframework\spring-test\6.0.14\spring-test-6.0.14.jar;C:\Users\PETES29\.m2\repository\org\xmlunit\xmlunit-core\2.9.1\xmlunit-core-2.9.1.jar;"/>
    <property name="java.vm.vendor" value="Oracle Corporation"/>
    <property name="sun.arch.data.model" value="64"/>
    <property name="user.variant" value=""/>
    <property name="java.vendor.url" value="https://java.oracle.com/"/>
    <property name="user.timezone" value="America/New_York"/>
    <property name="os.name" value="Windows 10"/>
    <property name="java.vm.specification.version" value="17"/>
    <property name="sun.java.launcher" value="SUN_STANDARD"/>
    <property name="user.country" value="US"/>
    <property name="sun.boot.library.path" value="C:\softwares\java 17\jdk-17.0.11\bin"/>
    <property name="sun.java.command" value="C:\Users\petes29\AppData\Local\Temp\surefire14328837075784966638\surefirebooter-20240806100143557_3.jar C:\Users\petes29\AppData\Local\Temp\surefire14328837075784966638 2024-08-06T10-01-43_322-jvmRun1 surefire-20240806100143557_1tmp surefire_0-20240806100143557_2tmp"/>
    <property name="jdk.debug" value="release"/>
    <property name="surefire.test.class.path" value="C:\dev-spring\mycoolapp\target\test-classes;C:\dev-spring\mycoolapp\target\classes;C:\Users\PETES29\.m2\repository\org\springframework\boot\spring-boot-starter\3.1.6\spring-boot-starter-3.1.6.jar;C:\Users\PETES29\.m2\repository\org\springframework\boot\spring-boot\3.1.6\spring-boot-3.1.6.jar;C:\Users\PETES29\.m2\repository\org\springframework\spring-context\6.0.14\spring-context-6.0.14.jar;C:\Users\PETES29\.m2\repository\org\springframework\spring-aop\6.0.14\spring-aop-6.0.14.jar;C:\Users\PETES29\.m2\repository\org\springframework\spring-beans\6.0.14\spring-beans-6.0.14.jar;C:\Users\PETES29\.m2\repository\org\springframework\spring-expression\6.0.14\spring-expression-6.0.14.jar;C:\Users\PETES29\.m2\repository\org\springframework\boot\spring-boot-autoconfigure\3.1.6\spring-boot-autoconfigure-3.1.6.jar;C:\Users\PETES29\.m2\repository\org\springframework\boot\spring-boot-starter-logging\3.1.6\spring-boot-starter-logging-3.1.6.jar;C:\Users\PETES29\.m2\repository\ch\qos\logback\logback-classic\1.4.11\logback-classic-1.4.11.jar;C:\Users\PETES29\.m2\repository\ch\qos\logback\logback-core\1.4.11\logback-core-1.4.11.jar;C:\Users\PETES29\.m2\repository\org\apache\logging\log4j\log4j-to-slf4j\2.20.0\log4j-to-slf4j-2.20.0.jar;C:\Users\PETES29\.m2\repository\org\apache\logging\log4j\log4j-api\2.20.0\log4j-api-2.20.0.jar;C:\Users\PETES29\.m2\repository\org\slf4j\jul-to-slf4j\2.0.9\jul-to-slf4j-2.0.9.jar;C:\Users\PETES29\.m2\repository\jakarta\annotation\jakarta.annotation-api\2.1.1\jakarta.annotation-api-2.1.1.jar;C:\Users\PETES29\.m2\repository\org\springframework\spring-core\6.0.14\spring-core-6.0.14.jar;C:\Users\PETES29\.m2\repository\org\springframework\spring-jcl\6.0.14\spring-jcl-6.0.14.jar;C:\Users\PETES29\.m2\repository\org\yaml\snakeyaml\1.33\snakeyaml-1.33.jar;C:\Users\PETES29\.m2\repository\org\springframework\boot\spring-boot-starter-test\3.1.6\spring-boot-starter-test-3.1.6.jar;C:\Users\PETES29\.m2\repository\org\springframework\boot\spring-boot-test\3.1.6\spring-boot-test-3.1.6.jar;C:\Users\PETES29\.m2\repository\org\springframework\boot\spring-boot-test-autoconfigure\3.1.6\spring-boot-test-autoconfigure-3.1.6.jar;C:\Users\PETES29\.m2\repository\com\jayway\jsonpath\json-path\2.8.0\json-path-2.8.0.jar;C:\Users\PETES29\.m2\repository\org\slf4j\slf4j-api\2.0.9\slf4j-api-2.0.9.jar;C:\Users\PETES29\.m2\repository\jakarta\xml\bind\jakarta.xml.bind-api\4.0.1\jakarta.xml.bind-api-4.0.1.jar;C:\Users\PETES29\.m2\repository\jakarta\activation\jakarta.activation-api\2.1.2\jakarta.activation-api-2.1.2.jar;C:\Users\PETES29\.m2\repository\net\minidev\json-smart\2.4.11\json-smart-2.4.11.jar;C:\Users\PETES29\.m2\repository\net\minidev\accessors-smart\2.4.11\accessors-smart-2.4.11.jar;C:\Users\PETES29\.m2\repository\org\ow2\asm\asm\9.3\asm-9.3.jar;C:\Users\PETES29\.m2\repository\org\assertj\assertj-core\3.24.2\assertj-core-3.24.2.jar;C:\Users\PETES29\.m2\repository\net\bytebuddy\byte-buddy\1.14.10\byte-buddy-1.14.10.jar;C:\Users\PETES29\.m2\repository\org\hamcrest\hamcrest\2.2\hamcrest-2.2.jar;C:\Users\PETES29\.m2\repository\org\junit\jupiter\junit-jupiter\5.9.3\junit-jupiter-5.9.3.jar;C:\Users\PETES29\.m2\repository\org\junit\jupiter\junit-jupiter-api\5.9.3\junit-jupiter-api-5.9.3.jar;C:\Users\PETES29\.m2\repository\org\opentest4j\opentest4j\1.2.0\opentest4j-1.2.0.jar;C:\Users\PETES29\.m2\repository\org\junit\platform\junit-platform-commons\1.9.3\junit-platform-commons-1.9.3.jar;C:\Users\PETES29\.m2\repository\org\apiguardian\apiguardian-api\1.1.2\apiguardian-api-1.1.2.jar;C:\Users\PETES29\.m2\repository\org\junit\jupiter\junit-jupiter-params\5.9.3\junit-jupiter-params-5.9.3.jar;C:\Users\PETES29\.m2\repository\org\junit\jupiter\junit-jupiter-engine\5.9.3\junit-jupiter-engine-5.9.3.jar;C:\Users\PETES29\.m2\repository\org\junit\platform\junit-platform-engine\1.9.3\junit-platform-engine-1.9.3.jar;C:\Users\PETES29\.m2\repository\org\mockito\mockito-core\5.3.1\mockito-core-5.3.1.jar;C:\Users\PETES29\.m2\repository\net\bytebuddy\byte-buddy-agent\1.14.10\byte-buddy-agent-1.14.10.jar;C:\Users\PETES29\.m2\repository\org\objenesis\objenesis\3.3\objenesis-3.3.jar;C:\Users\PETES29\.m2\repository\org\mockito\mockito-junit-jupiter\5.3.1\mockito-junit-jupiter-5.3.1.jar;C:\Users\PETES29\.m2\repository\org\skyscreamer\jsonassert\1.5.1\jsonassert-1.5.1.jar;C:\Users\PETES29\.m2\repository\com\vaadin\external\google\android-json\0.0.20131108.vaadin1\android-json-0.0.20131108.vaadin1.jar;C:\Users\PETES29\.m2\repository\org\springframework\spring-test\6.0.14\spring-test-6.0.14.jar;C:\Users\PETES29\.m2\repository\org\xmlunit\xmlunit-core\2.9.1\xmlunit-core-2.9.1.jar;"/>
    <property name="sun.cpu.endian" value="little"/>
    <property name="user.home" value="C:\Users\petes29"/>
    <property name="user.language" value="en"/>
    <property name="java.specification.vendor" value="Oracle Corporation"/>
    <property name="java.version.date" value="2024-04-16"/>
    <property name="java.home" value="C:\softwares\java 17\jdk-17.0.11"/>
    <property name="file.separator" value="\"/>
    <property name="basedir" value="C:\dev-spring\mycoolapp"/>
    <property name="java.vm.compressedOopsMode" value="Zero based"/>
    <property name="line.separator" value="&#10;"/>
    <property name="java.vm.specification.vendor" value="Oracle Corporation"/>
    <property name="java.specification.name" value="Java Platform API Specification"/>
    <property name="FILE_LOG_CHARSET" value="windows-1252"/>
    <property name="java.awt.headless" value="true"/>
    <property name="surefire.real.class.path" value="C:\Users\petes29\AppData\Local\Temp\surefire14328837075784966638\surefirebooter-20240806100143557_3.jar"/>
    <property name="user.script" value=""/>
    <property name="sun.management.compiler" value="HotSpot 64-Bit Tiered Compilers"/>
    <property name="java.runtime.version" value="17.0.11+7-LTS-207"/>
    <property name="user.name" value="PETES29"/>
    <property name="path.separator" value=";"/>
    <property name="os.version" value="10.0"/>
    <property name="java.runtime.name" value="Java(TM) SE Runtime Environment"/>
    <property name="file.encoding" value="Cp1252"/>
    <property name="java.vm.name" value="Java HotSpot(TM) 64-Bit Server VM"/>
    <property name="localRepository" value="C:\Users\PETES29\.m2\repository"/>
    <property name="java.vendor.url.bug" value="https://bugreport.java.com/bugreport/"/>
    <property name="java.io.tmpdir" value="C:\Users\petes29\AppData\Local\Temp\"/>
    <property name="idea.version" value="2022.1"/>
    <property name="java.version" value="17.0.11"/>
    <property name="user.dir" value="C:\dev-spring\mycoolapp"/>
    <property name="os.arch" value="amd64"/>
    <property name="java.vm.specification.name" value="Java Virtual Machine Specification"/>
    <property name="PID" value="23492"/>
    <property name="sun.os.patch.level" value=""/>
    <property name="CONSOLE_LOG_CHARSET" value="windows-1252"/>
    <property name="native.encoding" value="Cp1252"/>
    <property name="java.library.path" value="C:\softwares\java 17\jdk-17.0.11\bin;C:\WINDOWS\Sun\Java\bin;C:\WINDOWS\system32;C:\WINDOWS;C:\Program Files (x86)\Common Files\Oracle\Java\javapath;C:\Program Files (x86)\Microsoft SDKs\Azure\CLI2\wbin;C:\Program Files (x86)\RSA SecurID Token Common;C:\Program Files\RSA SecurID Token Common;C:\WINDOWS\system32;C:\WINDOWS;C:\WINDOWS\System32\Wbem;C:\WINDOWS\System32\WindowsPowerShell\v1.0\;C:\WINDOWS\System32\OpenSSH\;C:\Program Files (x86)\Sennheiser\SenncomSDK\;C:\Program Files\TD Git\cmd;C:\Program Files (x86)\IBM\Personal Communications\;C:\Program Files (x86)\IBM\Trace Facility\;C:\Program Files\TD PuTTY\;C:\Program Files (x86)\Webex\Plugins;C:\Program Files\Azure Data Studio\bin;C:\Program Files\nodejs\;C:\Program Files\Microsoft VS Code\bin;C:\Users\petes29\AppData\Local\Microsoft\WindowsApps;C:\softwares\apache-tomcat-9.0.71-windows-x64\Tomcat\bin;C:\Program Files\nodejs;C:\Users\petes29\AppData\Roaming\npm\node_modules\@angular;C:\Users\petes29\AppData\Roaming\npm;C:\Users\petes29\AppData\Roaming\npm\node_modules\@angular\cli\bin;C:\softwares\java 17\jdk-17.0.11\bin;C:\Users\petes29\AppData\Local\GitHubDesktop\bin;;."/>
    <property name="java.vm.info" value="mixed mode, sharing"/>
    <property name="java.vendor" value="Oracle Corporation"/>
    <property name="java.vm.version" value="17.0.11+7-LTS-207"/>
    <property name="sun.io.unicode.encoding" value="UnicodeLittle"/>
    <property name="java.class.version" value="61.0"/>
  </properties>
  <testcase name="contextLoads" classname="com.luv2code.springbootdemo.mycoolapp.MycoolappApplicationTests" time="1.116">
    <system-out><![CDATA[10:01:44.521 [main] INFO org.springframework.test.context.support.AnnotationConfigContextLoaderUtils -- Could not detect default configuration classes for test class [com.luv2code.springbootdemo.mycoolapp.MycoolappApplicationTests]: MycoolappApplicationTests does not declare any static, non-private, non-final, nested classes annotated with @Configuration.
10:01:44.627 [main] INFO org.springframework.boot.test.context.SpringBootTestContextBootstrapper -- Found @SpringBootConfiguration com.luv2code.springbootdemo.mycoolapp.MycoolappApplication for test class com.luv2code.springbootdemo.mycoolapp.MycoolappApplicationTests

  .   ____          _            __ _ _
 /\\ / ___'_ __ _ _(_)_ __  __ _ \ \ \ \
( ( )\___ | '_ | '_| | '_ \/ _` | \ \ \ \
 \\/  ___)| |_)| | | | | || (_| |  ) ) ) )
  '  |____| .__|_| |_|_| |_\__, | / / / /
 =========|_|==============|___/=/_/_/_/
 :: Spring Boot ::                (v3.1.6)

2024-08-06T10:01:45.083-04:00  INFO 23492 --- [           main] c.l.s.m.MycoolappApplicationTests        : Starting MycoolappApplicationTests using Java 17.0.11 with PID 23492 (started by PETES29 in C:\dev-spring\mycoolapp)
2024-08-06T10:01:45.084-04:00  INFO 23492 --- [           main] c.l.s.m.MycoolappApplicationTests        : No active profile set, falling back to 1 default profile: "default"
2024-08-06T10:01:45.576-04:00  INFO 23492 --- [           main] c.l.s.m.MycoolappApplicationTests        : Started MycoolappApplicationTests in 0.786 seconds (process running for 1.803)
]]></system-out>
  </testcase>
</testsuite>